Copyright 1986-2020 Xilinx, Inc. All Rights Reserved.
-----------------------------------------------------------------------------------------------------------------
| Tool Version : Vivado v.2020.2 (lin64) Build 3064766 Wed Nov 18 09:12:47 MST 2020
| Date         : Sun Jun 19 17:04:05 2022
| Host         : xenon136-ABRA-A5-V15-1 running 64-bit Ubuntu 20.04.4 LTS
| Command      : report_utilization -file AHBLITE_SYS_utilization_synth.rpt -pb AHBLITE_SYS_utilization_synth.pb
| Design       : AHBLITE_SYS
| Device       : 7s15csga225-1IL
| Design State : Synthesized
-----------------------------------------------------------------------------------------------------------------

Utilization Design Information

Table of Contents
-----------------
1. Slice Logic
1.1 Summary of Registers by Type
2. Memory
3. DSP
4. IO and GT Specific
5. Clocking
6. Specific Feature
7. Primitives
8. Black Boxes
9. Instantiated Netlists

1. Slice Logic
--------------

+-------------------------+------+-------+-----------+-------+
|        Site Type        | Used | Fixed | Available | Util% |
+-------------------------+------+-------+-----------+-------+
| Slice LUTs*             | 2809 |     0 |      8000 | 35.11 |
|   LUT as Logic          | 2809 |     0 |      8000 | 35.11 |
|   LUT as Memory         |    0 |     0 |      2400 |  0.00 |
| Slice Registers         |  923 |     0 |     16000 |  5.77 |
|   Register as Flip Flop |  923 |     0 |     16000 |  5.77 |
|   Register as Latch     |    0 |     0 |     16000 |  0.00 |
| F7 Muxes                |    5 |     0 |      4000 |  0.13 |
| F8 Muxes                |    1 |     0 |      2000 |  0.05 |
+-------------------------+------+-------+-----------+-------+
* Warning! The Final LUT count, after physical optimizations and full implementation, is typically lower. Run opt_design after synthesis, if not already completed, for a more realistic count.


1.1 Summary of Registers by Type
--------------------------------

+-------+--------------+-------------+--------------+
| Total | Clock Enable | Synchronous | Asynchronous |
+-------+--------------+-------------+--------------+
| 0     |            _ |           - |            - |
| 0     |            _ |           - |          Set |
| 0     |            _ |           - |        Reset |
| 0     |            _ |         Set |            - |
| 0     |            _ |       Reset |            - |
| 0     |          Yes |           - |            - |
| 62    |          Yes |           - |          Set |
| 217   |          Yes |           - |        Reset |
| 96    |          Yes |         Set |            - |
| 548   |          Yes |       Reset |            - |
+-------+--------------+-------------+--------------+


2. Memory
---------

+-------------------+------+-------+-----------+-------+
|     Site Type     | Used | Fixed | Available | Util% |
+-------------------+------+-------+-----------+-------+
| Block RAM Tile    |    4 |     0 |        10 | 40.00 |
|   RAMB36/FIFO*    |    4 |     0 |        10 | 40.00 |
|     RAMB36E1 only |    4 |       |           |       |
|   RAMB18          |    0 |     0 |        20 |  0.00 |
+-------------------+------+-------+-----------+-------+
* Note: Each Block RAM Tile only has one FIFO logic available and therefore can accommodate only one FIFO36E1 or one FIFO18E1. However, if a FIFO18E1 occupies a Block RAM Tile, that tile can still accommodate a RAMB18E1


3. DSP
------

+----------------+------+-------+-----------+-------+
|    Site Type   | Used | Fixed | Available | Util% |
+----------------+------+-------+-----------+-------+
| DSPs           |    3 |     0 |        20 | 15.00 |
|   DSP48E1 only |    3 |       |           |       |
+----------------+------+-------+-----------+-------+


4. IO and GT Specific
---------------------

+-----------------------------+------+-------+-----------+-------+
|          Site Type          | Used | Fixed | Available | Util% |
+-----------------------------+------+-------+-----------+-------+
| Bonded IOB                  |   10 |     0 |       100 | 10.00 |
| PHY_CONTROL                 |    0 |     0 |         2 |  0.00 |
| PHASER_REF                  |    0 |     0 |         2 |  0.00 |
| OUT_FIFO                    |    0 |     0 |         8 |  0.00 |
| IN_FIFO                     |    0 |     0 |         8 |  0.00 |
| IDELAYCTRL                  |    0 |     0 |         2 |  0.00 |
| IBUFDS                      |    0 |     0 |        96 |  0.00 |
| PHASER_OUT/PHASER_OUT_PHY   |    0 |     0 |         8 |  0.00 |
| PHASER_IN/PHASER_IN_PHY     |    0 |     0 |         8 |  0.00 |
| IDELAYE2/IDELAYE2_FINEDELAY |    0 |     0 |       100 |  0.00 |
| ILOGIC                      |    0 |     0 |       100 |  0.00 |
| OLOGIC                      |    0 |     0 |       100 |  0.00 |
+-----------------------------+------+-------+-----------+-------+


5. Clocking
-----------

+------------+------+-------+-----------+-------+
|  Site Type | Used | Fixed | Available | Util% |
+------------+------+-------+-----------+-------+
| BUFGCTRL   |    2 |     0 |        16 | 12.50 |
| BUFIO      |    0 |     0 |         8 |  0.00 |
| MMCME2_ADV |    0 |     0 |         2 |  0.00 |
| PLLE2_ADV  |    0 |     0 |         2 |  0.00 |
| BUFMRCE    |    0 |     0 |         4 |  0.00 |
| BUFHCE     |    0 |     0 |        24 |  0.00 |
| BUFR       |    0 |     0 |         8 |  0.00 |
+------------+------+-------+-----------+-------+


6. Specific Feature
-------------------

+-------------+------+-------+-----------+-------+
|  Site Type  | Used | Fixed | Available | Util% |
+-------------+------+-------+-----------+-------+
| BSCANE2     |    0 |     0 |         4 |  0.00 |
| CAPTUREE2   |    0 |     0 |         1 |  0.00 |
| DNA_PORT    |    0 |     0 |         1 |  0.00 |
| EFUSE_USR   |    0 |     0 |         1 |  0.00 |
| FRAME_ECCE2 |    0 |     0 |         1 |  0.00 |
| ICAPE2      |    0 |     0 |         2 |  0.00 |
| STARTUPE2   |    0 |     0 |         1 |  0.00 |
+-------------+------+-------+-----------+-------+


7. Primitives
-------------

+----------+------+---------------------+
| Ref Name | Used | Functional Category |
+----------+------+---------------------+
| LUT6     | 1757 |                 LUT |
| LUT5     |  568 |                 LUT |
| FDRE     |  548 |        Flop & Latch |
| LUT2     |  278 |                 LUT |
| LUT4     |  276 |                 LUT |
| LUT3     |  226 |                 LUT |
| FDCE     |  217 |        Flop & Latch |
| FDSE     |   96 |        Flop & Latch |
| FDPE     |   62 |        Flop & Latch |
| CARRY4   |   44 |          CarryLogic |
| LUT1     |   36 |                 LUT |
| OBUF     |    8 |                  IO |
| MUXF7    |    5 |               MuxFx |
| RAMB36E1 |    4 |        Block Memory |
| DSP48E1  |    3 |    Block Arithmetic |
| IBUF     |    2 |                  IO |
| BUFG     |    2 |               Clock |
| MUXF8    |    1 |               MuxFx |
+----------+------+---------------------+


8. Black Boxes
--------------

+----------+------+
| Ref Name | Used |
+----------+------+


9. Instantiated Netlists
------------------------

+----------+------+
| Ref Name | Used |
+----------+------+


